This is pdfTeX, Version 3.141592653-2.6-1.40.22 (TeX Live 2022/dev/Debian) (preloaded format=pdflatex 2024.1.26)  1 MAR 2024 15:50
entering extended mode
 restricted \write18 enabled.
 %&-line parsing enabled.
**er_dmd.tex
(./er_dmd.tex
LaTeX2e <2021-11-15> patch level 1
L3 programming layer <2022-01-21>
(/usr/share/texlive/texmf-dist/tex/latex/base/article.cls
Document Class: article 2021/10/04 v1.4n Standard LaTeX document class
(/usr/share/texlive/texmf-dist/tex/latex/base/size11.clo
File: size11.clo 2021/10/04 v1.4n Standard LaTeX file (size option)
)
\c@part=\count185
\c@section=\count186
\c@subsection=\count187
\c@subsubsection=\count188
\c@paragraph=\count189
\c@subparagraph=\count190
\c@figure=\count191
\c@table=\count192
\abovecaptionskip=\skip47
\belowcaptionskip=\skip48
\bibindent=\dimen138
)
(/usr/share/texlive/texmf-dist/tex/latex/algorithms/algorithm.sty
Package: algorithm 2009/08/24 v0.1 Document Style `algorithm' - floating enviro
nment

(/usr/share/texlive/texmf-dist/tex/latex/float/float.sty
Package: float 2001/11/08 v1.3d Float enhancements (AL)
\c@float@type=\count193
\float@exts=\toks16
\float@box=\box50
\@float@everytoks=\toks17
\@floatcapt=\box51
)
(/usr/share/texlive/texmf-dist/tex/latex/base/ifthen.sty
Package: ifthen 2020/11/24 v1.1c Standard LaTeX ifthen package (DPC)
)
\@float@every@algorithm=\toks18
\c@algorithm=\count194
)
(/usr/share/texlive/texmf-dist/tex/latex/algorithmicx/algpseudocode.sty
Package: algpseudocode 

(/usr/share/texlive/texmf-dist/tex/latex/algorithmicx/algorithmicx.sty
Package: algorithmicx 2005/04/27 v1.2 Algorithmicx

Document Style algorithmicx 1.2 - a greatly improved `algorithmic' style
\c@ALG@line=\count195
\c@ALG@rem=\count196
\c@ALG@nested=\count197
\ALG@tlm=\skip49
\ALG@thistlm=\skip50
\c@ALG@Lnr=\count198
\c@ALG@blocknr=\count199
\c@ALG@storecount=\count266
\c@ALG@tmpcounter=\count267
\ALG@tmplength=\skip51
)
Document Style - pseudocode environments for use with the `algorithmicx' style
) (/usr/share/texlive/texmf-dist/tex/latex/amsmath/amsmath.sty
Package: amsmath 2021/10/15 v2.17l AMS math features
\@mathmargin=\skip52

For additional information on amsmath, use the `?' option.
(/usr/share/texlive/texmf-dist/tex/latex/amsmath/amstext.sty
Package: amstext 2021/08/26 v2.01 AMS text

(/usr/share/texlive/texmf-dist/tex/latex/amsmath/amsgen.sty
File: amsgen.sty 1999/11/30 v2.0 generic functions
\@emptytoks=\toks19
\ex@=\dimen139
))
(/usr/share/texlive/texmf-dist/tex/latex/amsmath/amsbsy.sty
Package: amsbsy 1999/11/29 v1.2d Bold Symbols
\pmbraise@=\dimen140
)
(/usr/share/texlive/texmf-dist/tex/latex/amsmath/amsopn.sty
Package: amsopn 2021/08/26 v2.02 operator names
)
\inf@bad=\count268
LaTeX Info: Redefining \frac on input line 234.
\uproot@=\count269
\leftroot@=\count270
LaTeX Info: Redefining \overline on input line 399.
\classnum@=\count271
\DOTSCASE@=\count272
LaTeX Info: Redefining \ldots on input line 496.
LaTeX Info: Redefining \dots on input line 499.
LaTeX Info: Redefining \cdots on input line 620.
\Mathstrutbox@=\box52
\strutbox@=\box53
\big@size=\dimen141
LaTeX Font Info:    Redeclaring font encoding OML on input line 743.
LaTeX Font Info:    Redeclaring font encoding OMS on input line 744.
\macc@depth=\count273
\c@MaxMatrixCols=\count274
\dotsspace@=\muskip16
\c@parentequation=\count275
\dspbrk@lvl=\count276
\tag@help=\toks20
\row@=\count277
\column@=\count278
\maxfields@=\count279
\andhelp@=\toks21
\eqnshift@=\dimen142
\alignsep@=\dimen143
\tagshift@=\dimen144
\tagwidth@=\dimen145
\totwidth@=\dimen146
\lineht@=\dimen147
\@envbody=\toks22
\multlinegap=\skip53
\multlinetaggap=\skip54
\mathdisplay@stack=\toks23
LaTeX Info: Redefining \[ on input line 2938.
LaTeX Info: Redefining \] on input line 2939.
)
(/usr/share/texlive/texmf-dist/tex/latex/amsfonts/amssymb.sty
Package: amssymb 2013/01/14 v3.01 AMS font symbols

(/usr/share/texlive/texmf-dist/tex/latex/amsfonts/amsfonts.sty
Package: amsfonts 2013/01/14 v3.01 Basic AMSFonts support
\symAMSa=\mathgroup4
\symAMSb=\mathgroup5
LaTeX Font Info:    Redeclaring math symbol \hbar on input line 98.
LaTeX Font Info:    Overwriting math alphabet `\mathfrak' in version `bold'
(Font)                  U/euf/m/n --> U/euf/b/n on input line 106.
))
(/usr/share/texlive/texmf-dist/tex/latex/amscls/amsthm.sty
Package: amsthm 2020/05/29 v2.20.6
\thm@style=\toks24
\thm@bodyfont=\toks25
\thm@headfont=\toks26
\thm@notefont=\toks27
\thm@headpunct=\toks28
\thm@preskip=\skip55
\thm@postskip=\skip56
\thm@headsep=\skip57
\dth@everypar=\toks29
)
(/usr/share/texlive/texmf-dist/tex/latex/graphics/graphicx.sty
Package: graphicx 2021/09/16 v1.2d Enhanced LaTeX Graphics (DPC,SPQR)

(/usr/share/texlive/texmf-dist/tex/latex/graphics/keyval.sty
Package: keyval 2014/10/28 v1.15 key=value parser (DPC)
\KV@toks@=\toks30
)
(/usr/share/texlive/texmf-dist/tex/latex/graphics/graphics.sty
Package: graphics 2021/03/04 v1.4d Standard LaTeX Graphics (DPC,SPQR)

(/usr/share/texlive/texmf-dist/tex/latex/graphics/trig.sty
Package: trig 2021/08/11 v1.11 sin cos tan (DPC)
)
(/usr/share/texlive/texmf-dist/tex/latex/graphics-cfg/graphics.cfg
File: graphics.cfg 2016/06/04 v1.11 sample graphics configuration
)
Package graphics Info: Driver file: pdftex.def on input line 107.

(/usr/share/texlive/texmf-dist/tex/latex/graphics-def/pdftex.def
File: pdftex.def 2020/10/05 v1.2a Graphics/color driver for pdftex
))
\Gin@req@height=\dimen148
\Gin@req@width=\dimen149
)
\c@thm=\count280
\c@lem=\count281

(/usr/share/texlive/texmf-dist/tex/latex/l3backend/l3backend-pdftex.def
File: l3backend-pdftex.def 2022-01-12 L3 backend support: PDF output (pdfTeX)
\l__color_backend_stack_int=\count282
\l__pdf_internal_box=\box54
)
(./er_dmd.aux)
\openout1 = `er_dmd.aux'.

LaTeX Font Info:    Checking defaults for OML/cmm/m/it on input line 49.
LaTeX Font Info:    ... okay on input line 49.
LaTeX Font Info:    Checking defaults for OMS/cmsy/m/n on input line 49.
LaTeX Font Info:    ... okay on input line 49.
LaTeX Font Info:    Checking defaults for OT1/cmr/m/n on input line 49.
LaTeX Font Info:    ... okay on input line 49.
LaTeX Font Info:    Checking defaults for T1/cmr/m/n on input line 49.
LaTeX Font Info:    ... okay on input line 49.
LaTeX Font Info:    Checking defaults for TS1/cmr/m/n on input line 49.
LaTeX Font Info:    ... okay on input line 49.
LaTeX Font Info:    Checking defaults for OMX/cmex/m/n on input line 49.
LaTeX Font Info:    ... okay on input line 49.
LaTeX Font Info:    Checking defaults for U/cmr/m/n on input line 49.
LaTeX Font Info:    ... okay on input line 49.

(/usr/share/texlive/texmf-dist/tex/context/base/mkii/supp-pdf.mkii
[Loading MPS to PDF converter (version 2006.09.02).]
\scratchcounter=\count283
\scratchdimen=\dimen150
\scratchbox=\box55
\nofMPsegments=\count284
\nofMParguments=\count285
\everyMPshowfont=\toks31
\MPscratchCnt=\count286
\MPscratchDim=\dimen151
\MPnumerator=\count287
\makeMPintoPDFobject=\count288
\everyMPtoPDFconversion=\toks32
) (/usr/share/texlive/texmf-dist/tex/latex/epstopdf-pkg/epstopdf-base.sty
Package: epstopdf-base 2020-01-24 v2.11 Base part for package epstopdf
Package epstopdf-base Info: Redefining graphics rule for `.eps' on input line 4
85.

(/usr/share/texlive/texmf-dist/tex/latex/latexconfig/epstopdf-sys.cfg
File: epstopdf-sys.cfg 2010/07/13 v1.3 Configuration of (r)epstopdf for TeX Liv
e
))
LaTeX Font Info:    Trying to load font information for U+msa on input line 50.


(/usr/share/texlive/texmf-dist/tex/latex/amsfonts/umsa.fd
File: umsa.fd 2013/01/14 v3.01 AMS symbols A
)
LaTeX Font Info:    Trying to load font information for U+msb on input line 50.


(/usr/share/texlive/texmf-dist/tex/latex/amsfonts/umsb.fd
File: umsb.fd 2013/01/14 v3.01 AMS symbols B
)

LaTeX Warning: No \author given.

[1

{/var/lib/texmf/fonts/map/pdftex/updmap/pdftex.map}] [2] [3]
<Lorenz_compare_w_mx_lag_150.pdf, id=27, 817.45403pt x 528.37402pt>
File: Lorenz_compare_w_mx_lag_150.pdf Graphic file (type pdf)
<use Lorenz_compare_w_mx_lag_150.pdf>
Package pdftex.def Info: Lorenz_compare_w_mx_lag_150.pdf  used on input line 22
5.
(pdftex.def)             Requested size: 288.0011pt x 186.15108pt.
<Lorenz_error_compare_w_mx_lag_150.pdf, id=28, 818.91774pt x 528.37402pt>
File: Lorenz_error_compare_w_mx_lag_150.pdf Graphic file (type pdf)
<use Lorenz_error_compare_w_mx_lag_150.pdf>
Package pdftex.def Info: Lorenz_error_compare_w_mx_lag_150.pdf  used on input l
ine 227.
(pdftex.def)             Requested size: 288.0011pt x 185.82053pt.


LaTeX Warning: `!h' float specifier changed to `!ht'.

<Lorenz_detail_spectrum_w_mx_lag_149.pdf, id=29, 559.70078pt x 364.12569pt>
File: Lorenz_detail_spectrum_w_mx_lag_149.pdf Graphic file (type pdf)
<use Lorenz_detail_spectrum_w_mx_lag_149.pdf>
Package pdftex.def Info: Lorenz_detail_spectrum_w_mx_lag_149.pdf  used on input
 line 238.
(pdftex.def)             Requested size: 360.0pt x 234.20642pt.

Overfull \hbox (12.00002pt too wide) in paragraph at lines 237--240
 [][] 
 []

[4] [5]

LaTeX Warning: `!h' float specifier changed to `!ht'.

[6 <./Lorenz_compare_w_mx_lag_150.pdf> <./Lorenz_error_compare_w_mx_lag_150.pdf
>] [7 <./Lorenz_detail_spectrum_w_mx_lag_149.pdf>]
<Lorenz_error_compare_w_mx_lag_100.pdf, id=86, 817.45403pt x 528.37402pt>
File: Lorenz_error_compare_w_mx_lag_100.pdf Graphic file (type pdf)
<use Lorenz_error_compare_w_mx_lag_100.pdf>
Package pdftex.def Info: Lorenz_error_compare_w_mx_lag_100.pdf  used on input l
ine 259.
(pdftex.def)             Requested size: 288.0011pt x 186.15108pt.
<Lorenz_spectrum_w_mx_lag_99.pdf, id=87, 454.28708pt x 419.77359pt>
File: Lorenz_spectrum_w_mx_lag_99.pdf Graphic file (type pdf)
<use Lorenz_spectrum_w_mx_lag_99.pdf>
Package pdftex.def Info: Lorenz_spectrum_w_mx_lag_99.pdf  used on input line 26
7.
(pdftex.def)             Requested size: 180.0pt x 166.32436pt.


LaTeX Warning: `!h' float specifier changed to `!ht'.

[8 <./Lorenz_error_compare_w_mx_lag_100.pdf>] [9 <./Lorenz_spectrum_w_mx_lag_99
.pdf>]
<Rossler_compare_w_mx_lag_1000.pdf, id=115, 817.45403pt x 529.49094pt>
File: Rossler_compare_w_mx_lag_1000.pdf Graphic file (type pdf)
<use Rossler_compare_w_mx_lag_1000.pdf>
Package pdftex.def Info: Rossler_compare_w_mx_lag_1000.pdf  used on input line 
311.
(pdftex.def)             Requested size: 288.0011pt x 186.54459pt.
<Rossler_error_compare_w_mx_lag_1000.pdf, id=116, 817.45403pt x 528.37402pt>
File: Rossler_error_compare_w_mx_lag_1000.pdf Graphic file (type pdf)
<use Rossler_error_compare_w_mx_lag_1000.pdf>
Package pdftex.def Info: Rossler_error_compare_w_mx_lag_1000.pdf  used on input
 line 313.
(pdftex.def)             Requested size: 288.0011pt x 186.15108pt.


LaTeX Warning: `!h' float specifier changed to `!ht'.

<Rossler_spectrum_w_mx_lag_988.pdf, id=117, 454.28886pt x 419.77359pt>
File: Rossler_spectrum_w_mx_lag_988.pdf Graphic file (type pdf)
<use Rossler_spectrum_w_mx_lag_988.pdf>
Package pdftex.def Info: Rossler_spectrum_w_mx_lag_988.pdf  used on input line 
323.
(pdftex.def)             Requested size: 180.0pt x 166.32436pt.

Underfull \hbox (badness 2556) in paragraph at lines 324--324
\OT1/cmr/m/n/10.95 the Rossler sys-tem. The ERDMD al-go-rithm con-verges to $\O
ML/cmm/m/it/10.95 l[] \OT1/cmr/m/n/10.95 =
 []


LaTeX Warning: `!h' float specifier changed to `!ht'.


Overfull \hbox (4.75711pt too wide) in paragraph at lines 347--348
\OT1/cmr/m/n/10.95 er-ated by a pseudo-spectral in space and fourth-order expon
ential-differencing
 []

[10] [11 <./Rossler_compare_w_mx_lag_1000.pdf> <./Rossler_error_compare_w_mx_la
g_1000.pdf>]
<ks_dynamics_compare.png, id=145, 816.651pt x 672.5928pt>
File: ks_dynamics_compare.png Graphic file (type png)
<use ks_dynamics_compare.png>
Package pdftex.def Info: ks_dynamics_compare.png  used on input line 356.
(pdftex.def)             Requested size: 360.0pt x 296.49594pt.


LaTeX Warning: `!h' float specifier changed to `!ht'.

[12 <./Rossler_spectrum_w_mx_lag_988.pdf>]
<Kuramoto_detail_spectrum_w_mx_lag_158.pdf, id=162, 569.22935pt x 364.12569pt>
File: Kuramoto_detail_spectrum_w_mx_lag_158.pdf Graphic file (type pdf)
<use Kuramoto_detail_spectrum_w_mx_lag_158.pdf>
Package pdftex.def Info: Kuramoto_detail_spectrum_w_mx_lag_158.pdf  used on inp
ut line 385.
(pdftex.def)             Requested size: 360.0pt x 230.28381pt.

Overfull \hbox (12.00002pt too wide) in paragraph at lines 384--386
 [][] 
 []


LaTeX Warning: `!h' float specifier changed to `!ht'.

(./er_dmd.bbl [13 <./KS_Dynamics_Compare.png>] [14 <./Kuramoto_detail_spectrum_
w_mx_lag_158.pdf>]) [15] (./er_dmd.aux) ) 
Here is how much of TeX's memory you used:
 3455 strings out of 480129
 53246 string characters out of 5893409
 347642 words of memory out of 5000000
 21386 multiletter control sequences out of 15000+600000
 478538 words of font info for 62 fonts, out of 8000000 for 9000
 81 hyphenation exceptions out of 8191
 55i,13n,62p,956b,325s stack positions out of 5000i,500n,10000p,200000b,80000s
</usr/share/texlive/texmf-dist/fonts/t
ype1/public/amsfonts/cm/cmbx10.pfb></usr/share/texlive/texmf-dist/fonts/type1/p
ublic/amsfonts/cm/cmbx12.pfb></usr/share/texlive/texmf-dist/fonts/type1/public/
amsfonts/cm/cmbx6.pfb></usr/share/texlive/texmf-dist/fonts/type1/public/amsfont
s/cm/cmbx8.pfb></usr/share/texlive/texmf-dist/fonts/type1/public/amsfonts/cm/cm
csc10.pfb></usr/share/texlive/texmf-dist/fonts/type1/public/amsfonts/cm/cmex10.
pfb></usr/share/texlive/texmf-dist/fonts/type1/public/amsfonts/cmextra/cmex8.pf
b></usr/share/texlive/texmf-dist/fonts/type1/public/amsfonts/cm/cmmi10.pfb></us
r/share/texlive/texmf-dist/fonts/type1/public/amsfonts/cm/cmmi12.pfb></usr/shar
e/texlive/texmf-dist/fonts/type1/public/amsfonts/cm/cmmi6.pfb></usr/share/texli
ve/texmf-dist/fonts/type1/public/amsfonts/cm/cmmi8.pfb></usr/share/texlive/texm
f-dist/fonts/type1/public/amsfonts/cm/cmr10.pfb></usr/share/texlive/texmf-dist/
fonts/type1/public/amsfonts/cm/cmr17.pfb></usr/share/texlive/texmf-dist/fonts/t
ype1/public/amsfonts/cm/cmr6.pfb></usr/share/texlive/texmf-dist/fonts/type1/pub
lic/amsfonts/cm/cmr8.pfb></usr/share/texlive/texmf-dist/fonts/type1/public/amsf
onts/cm/cmr9.pfb></usr/share/texlive/texmf-dist/fonts/type1/public/amsfonts/cm/
cmsy10.pfb></usr/share/texlive/texmf-dist/fonts/type1/public/amsfonts/cm/cmsy6.
pfb></usr/share/texlive/texmf-dist/fonts/type1/public/amsfonts/cm/cmsy8.pfb></u
sr/share/texlive/texmf-dist/fonts/type1/public/amsfonts/cm/cmti10.pfb></usr/sha
re/texlive/texmf-dist/fonts/type1/public/amsfonts/symbols/msbm10.pfb>
Output written on er_dmd.pdf (15 pages, 712186 bytes).
PDF statistics:
 270 PDF objects out of 1000 (max. 8388607)
 190 compressed objects within 2 object streams
 0 named destinations out of 1000 (max. 500000)
 51 words of extra memory for PDF output out of 10000 (max. 10000000)

