This is pdfTeX, Version 3.141592653-2.6-1.40.25 (MiKTeX 23.4) (preloaded format=latex 2023.12.29)  24 MAR 2024 10:47
entering extended mode
 %&-line parsing enabled.
**\let \APPmakepictures \empty \input  square_games.tex
(square_games.tex (C:\Users\mrssi\AppData\Local\Programs\MiKTeX\tex/latex/base\
article.cls
Document Class: article 2022/07/02 v1.4n Standard LaTeX document class
(C:\Users\mrssi\AppData\Local\Programs\MiKTeX\tex/latex/base\size10.clo
File: size10.clo 2022/07/02 v1.4n Standard LaTeX file (size option)
)
\c@part=\count185
\c@section=\count186
\c@subsection=\count187
\c@subsubsection=\count188
\c@paragraph=\count189
\c@subparagraph=\count190
\c@figure=\count191
\c@table=\count192
\abovecaptionskip=\skip48
\belowcaptionskip=\skip49
\bibindent=\dimen140
) (C:\Users\mrssi\AppData\Local\Programs\MiKTeX\tex/latex/pstricks\pstricks.sty
Package: pstricks 2024/02/02 v0.75 LaTeX wrapper for `PSTricks' (RN,HV)
(C:\Users\mrssi\AppData\Local\Programs\MiKTeX\tex/generic/iftex\iftex.sty
Package: iftex 2022/02/03 v1.0f TeX engine tests
) (C:\Users\mrssi\AppData\Local\Programs\MiKTeX\tex/latex/xcolor\xcolor.sty
Package: xcolor 2022/06/12 v2.14 LaTeX color extensions (UK)
(C:\Users\mrssi\AppData\Local\Programs\MiKTeX\tex/latex/graphics-cfg\color.cfg
File: color.cfg 2016/01/02 v1.6 sample color configuration
)
Package xcolor Info: Driver file: dvips.def on input line 227.
(C:\Users\mrssi\AppData\Local\Programs\MiKTeX\tex/latex/graphics-def\dvips.def
File: dvips.def 2022/09/22 v3.1e Graphics/color driver for dvips
) (C:\Users\mrssi\AppData\Local\Programs\MiKTeX\tex/latex/graphics\mathcolor.lt
x)
Package xcolor Info: Model `cmy' substituted by `cmy0' on input line 1353.
Package xcolor Info: Model `RGB' extended on input line 1369.
Package xcolor Info: Model `HTML' substituted by `rgb' on input line 1371.
Package xcolor Info: Model `Hsb' substituted by `hsb' on input line 1372.
Package xcolor Info: Model `tHsb' substituted by `hsb' on input line 1373.
Package xcolor Info: Model `HSB' substituted by `hsb' on input line 1374.
Package xcolor Info: Model `Gray' substituted by `gray' on input line 1375.
Package xcolor Info: Model `wave' substituted by `hsb' on input line 1376.
) (C:\Users\mrssi\AppData\Local\Programs\MiKTeX\tex/generic/xkeyval\pst-xkey.te
x
File: pst-xkey.tex 2005/11/25 v1.6 PSTricks specialization of xkeyval (HA)
(C:\Users\mrssi\AppData\Local\Programs\MiKTeX\tex/latex/xkeyval\xkeyval.sty
Package: xkeyval 2022/06/16 v2.9 package option processing (HA)
(C:\Users\mrssi\AppData\Local\Programs\MiKTeX\tex/generic/xkeyval\xkeyval.tex (
C:\Users\mrssi\AppData\Local\Programs\MiKTeX\tex/generic/xkeyval\xkvutils.tex
\XKV@toks=\toks16
\XKV@tempa@toks=\toks17
(C:\Users\mrssi\AppData\Local\Programs\MiKTeX\tex/generic/xkeyval\keyval.tex))
\XKV@depth=\count193
File: xkeyval.tex 2014/12/03 v2.7a key=value parser (HA)
)))
(C:\Users\mrssi\AppData\Local\Programs\MiKTeX\tex/generic/pstricks\pstricks.tex
(C:\Users\mrssi\AppData\Local\Programs\MiKTeX\tex/generic/pstricks\pst-fp.tex `
pst-fp' v0.06, 2020/11/20 (hv)
\pstFP@xs=\count194
\pstFP@xia=\count195
\pstFP@xib=\count196
\pstFP@xfa=\count197
\pstFP@xfb=\count198
\pstFP@rega=\count199
\pstFP@regb=\count266
\pstFP@regs=\count267
\pstFP@times=\count268
)
(C:\Users\mrssi\AppData\Local\Programs\MiKTeX\tex/latex/pgf/utilities\pgffor.st
y
(C:\Users\mrssi\AppData\Local\Programs\MiKTeX\tex/latex/pgf/utilities\pgfrcs.st
y
(C:\Users\mrssi\AppData\Local\Programs\MiKTeX\tex/generic/pgf/utilities\pgfutil
-common.tex
\pgfutil@everybye=\toks18
\pgfutil@tempdima=\dimen141
\pgfutil@tempdimb=\dimen142
)
(C:\Users\mrssi\AppData\Local\Programs\MiKTeX\tex/generic/pgf/utilities\pgfutil
-latex.def
\pgfutil@abb=\box51
)
(C:\Users\mrssi\AppData\Local\Programs\MiKTeX\tex/generic/pgf/utilities\pgfrcs.
code.tex (C:\Users\mrssi\AppData\Local\Programs\MiKTeX\tex/generic/pgf\pgf.revi
sion.tex)
Package: pgfrcs 2023-01-15 v3.1.10 (3.1.10)
))
(C:\Users\mrssi\AppData\Local\Programs\MiKTeX\tex/latex/pgf/utilities\pgfkeys.s
ty
(C:\Users\mrssi\AppData\Local\Programs\MiKTeX\tex/generic/pgf/utilities\pgfkeys
.code.tex
\pgfkeys@pathtoks=\toks19
\pgfkeys@temptoks=\toks20

(C:\Users\mrssi\AppData\Local\Programs\MiKTeX\tex/generic/pgf/utilities\pgfkeys
libraryfiltered.code.tex
\pgfkeys@tmptoks=\toks21
))) (C:\Users\mrssi\AppData\Local\Programs\MiKTeX\tex/latex/pgf/math\pgfmath.st
y
(C:\Users\mrssi\AppData\Local\Programs\MiKTeX\tex/generic/pgf/math\pgfmath.code
.tex
(C:\Users\mrssi\AppData\Local\Programs\MiKTeX\tex/generic/pgf/math\pgfmathutil.
code.tex
\pgf@x=\dimen143
\pgf@xa=\dimen144
\pgf@xb=\dimen145
\pgf@xc=\dimen146
\pgf@y=\dimen147
\pgf@ya=\dimen148
\pgf@yb=\dimen149
\pgf@yc=\dimen150
\c@pgf@counta=\count269
\c@pgf@countb=\count270
\c@pgf@countc=\count271
\c@pgf@countd=\count272
)
(C:\Users\mrssi\AppData\Local\Programs\MiKTeX\tex/generic/pgf/math\pgfmathparse
r.code.tex
\pgfmath@dimen=\dimen151
\pgfmath@count=\count273
\pgfmath@box=\box52
\pgfmath@toks=\toks22
\pgfmath@stack@operand=\toks23
\pgfmath@stack@operation=\toks24
)
(C:\Users\mrssi\AppData\Local\Programs\MiKTeX\tex/generic/pgf/math\pgfmathfunct
ions.code.tex)
(C:\Users\mrssi\AppData\Local\Programs\MiKTeX\tex/generic/pgf/math\pgfmathfunct
ions.basic.code.tex)
(C:\Users\mrssi\AppData\Local\Programs\MiKTeX\tex/generic/pgf/math\pgfmathfunct
ions.trigonometric.code.tex)
(C:\Users\mrssi\AppData\Local\Programs\MiKTeX\tex/generic/pgf/math\pgfmathfunct
ions.random.code.tex)
(C:\Users\mrssi\AppData\Local\Programs\MiKTeX\tex/generic/pgf/math\pgfmathfunct
ions.comparison.code.tex)
(C:\Users\mrssi\AppData\Local\Programs\MiKTeX\tex/generic/pgf/math\pgfmathfunct
ions.base.code.tex)
(C:\Users\mrssi\AppData\Local\Programs\MiKTeX\tex/generic/pgf/math\pgfmathfunct
ions.round.code.tex)
(C:\Users\mrssi\AppData\Local\Programs\MiKTeX\tex/generic/pgf/math\pgfmathfunct
ions.misc.code.tex)
(C:\Users\mrssi\AppData\Local\Programs\MiKTeX\tex/generic/pgf/math\pgfmathfunct
ions.integerarithmetics.code.tex)
(C:\Users\mrssi\AppData\Local\Programs\MiKTeX\tex/generic/pgf/math\pgfmathcalc.
code.tex)
(C:\Users\mrssi\AppData\Local\Programs\MiKTeX\tex/generic/pgf/math\pgfmathfloat
.code.tex
\c@pgfmathroundto@lastzeros=\count274
)))
(C:\Users\mrssi\AppData\Local\Programs\MiKTeX\tex/generic/pgf/utilities\pgffor.
code.tex
Package: pgffor 2023-01-15 v3.1.10 (3.1.10)
\pgffor@iter=\dimen152
\pgffor@skip=\dimen153
\pgffor@stack=\toks25
\pgffor@toks=\toks26
))
\psLoopIndex=\count275
`PSTricks' v3.19c  <2024/02/02> (tvz,hv)
\pst@dima=\dimen154
\pst@dimb=\dimen155
\pst@dimc=\dimen156
\pst@dimd=\dimen157
\pst@dimg=\dimen158
\pst@dimh=\dimen159
\pst@dimm=\dimen160
\pst@dimn=\dimen161
\pst@dimo=\dimen162
\pst@dimp=\dimen163
\pst@hbox=\box53
\pst@ibox=\box54
\pst@boxg=\box55
\pst@cnta=\count276
\pst@cntb=\count277
\pst@cntc=\count278
\pst@cntd=\count279
\pst@cntg=\count280
\pst@cnth=\count281
\pst@cntm=\count282
\pst@cntn=\count283
\pst@cnto=\count284
\pst@cntp=\count285
\@zero=\count286
\pst@toks=\toks27
--- We are running latex or xelatex ---

(C:\Users\mrssi\AppData\Local\Programs\MiKTeX\tex/generic/pstricks\pstricks.con
)
(C:\Users\mrssi\AppData\Local\Programs\MiKTeX\tex/generic/pstricks\pstricks-col
or.tex)
\psunit=\dimen164
\psxunit=\dimen165
\psyunit=\dimen166
\pst@C@@rType=\count287
\pslinewidth=\dimen167
\psk@startLW=\dimen168
\psk@endLW=\dimen169

(C:\Users\mrssi\AppData\Local\Programs\MiKTeX\tex/generic/pstricks\pstricks-arr
ows.tex
\pshooklength=\dimen170
\pshookwidth=\dimen171
)
\pst@customdefs=\toks28

(C:\Users\mrssi\AppData\Local\Programs\MiKTeX\tex/generic/pstricks\pstricks-dot
s.tex)
\pslinearc=\dimen172
\pst@symbolStep=\dimen173
\pst@symbolWidth=\dimen174
\pst@symbolLinewidth=\dimen175
\everypsbox=\toks29
\psframesep=\dimen176
\pslabelsep=\dimen177
\sh@wgridXunit=\dimen178
\sh@wgridYunit=\dimen179
\pst@shift=\dimen180
\ps@imagectr=\count288

(C:\Users\mrssi\AppData\Local\Programs\MiKTeX\tex/generic/pstricks\pstricks.con
))
File: pstricks.tex 2024/02/02 v3.19c `PSTricks' (tvz,hv)
(C:\Users\mrssi\AppData\Local\Programs\MiKTeX\tex/generic/pstricks\pst-fp.tex `
pst-fp' v0.06, 2020/11/20 (hv))
File: pst-fp.tex 2020/11/20 v0.06 `PST-fp' (hv)
)
(C:\Users\mrssi\AppData\Local\Programs\MiKTeX\tex/latex/pstricks-add\pstricks-a
dd.sty (C:\Users\mrssi\AppData\Local\Programs\MiKTeX\tex/latex/pst-plot\pst-plo
t.sty
Package: pst-plot 2011/06/05 v1.00 LaTeX wrapper for `pst-plot' (HV)
(C:\Users\mrssi\AppData\Local\Programs\MiKTeX\tex/latex/xkeyval\pst-xkey.sty
Package: pst-xkey 2005/11/25 v1.6 package wrapper for pst-xkey.tex (HA)
) (C:\Users\mrssi\AppData\Local\Programs\MiKTeX\tex/latex/multido\multido.sty
Package: multido 2004/05/17 package wrapper for PSTricks `multido.tex', (HV/RN)

(C:\Users\mrssi\AppData\Local\Programs\MiKTeX\tex/generic/multido\multido.tex  
v1.42, 2010/05/14 <tvz>
\multido@count=\count289
\multidocount=\count290
\multido@stuff=\toks30
)
File: multido.tex 2010/05/14 v1.42 `multido' (tvz,hv)
)
Package: pst-plot 2021/09/23 package wrapper for pst-plot.tex (hv)

(C:\Users\mrssi\AppData\Local\Programs\MiKTeX\tex/generic/pst-plot\pst-plot.tex

(C:\Users\mrssi\AppData\Local\Programs\MiKTeX\tex/generic/pst-tools\pst-tools.t
ex `PST-tools' v0.12, 2021/09/23 (hv)
\randomi=\count291
\ranval=\count292
)
(C:\Users\mrssi\AppData\Local\Programs\MiKTeX\tex/generic/pstricks-add\pstricks
-add.tex
(C:\Users\mrssi\AppData\Local\Programs\MiKTeX\tex/generic/pst-node\pst-node.tex
 v1.43, 2022/01/31
\psrow=\count293
\pscol=\count294
\psmatrixcnt=\count295
\psrowsep=\skip50
\pscolsep=\skip51
\pst@args=\count296
\num@pts=\count297
\pst@argcnt=\count298
)
(C:\Users\mrssi\AppData\Local\Programs\MiKTeX\tex/generic/pst-arrow\pst-arrow.t
ex `pst-arrow' v0.05, 2021/11/16 (dr,hv)) (C:\Users\mrssi\AppData\Local\Program
s\MiKTeX\tex/generic/pst-3d\pst-3d.tex `PST-3d' v1.11, 2010/02/14 (tvz))
(C:\Users\mrssi\AppData\Local\Programs\MiKTeX\tex/generic/pst-math\pst-math.tex
`pst-math' v0.67 , (CJ,hv)) `pstricks-add' v3.94, 2023/04/17 (dr,hv)
\psparallelogramsep=\dimen181
\pst@cntC=\count299
\pst@stepcount=\count300
\chart@ColorIndex=\dimen182
\chart@ColorStep=\dimen183
\pst@chartHeight=\dimen184
\pst@chartStackDepth=\dimen185
\pst@chartStackWidth=\dimen186
\chart@Toggle=\count301
\psVectorCtr=\count302
)  v1.94, 2022/11/21 (tvz,hv)
\pstRadUnit=\dimen187
\pstRadUnitInv=\dimen188
\pst@linecnt=\count303
\RCD@file=\read2
\psxlabelsep=\dimen189
\psylabelsep=\dimen190
\psk@subticksize=\dimen191
\pst@xticksizeA=\dimen192
\pst@xticksizeB=\dimen193
\pst@xticksizeC=\dimen194
\pst@yticksizeA=\dimen195
\pst@yticksizeB=\dimen196
\pst@yticksizeC=\dimen197
\@digitcounter=\count304
\psk@llx=\dimen198
\psk@lly=\dimen199
\psk@urx=\dimen256
\psk@ury=\dimen257
\pst@xunit=\dimen258
\pst@yunit=\dimen259
)
File: pst-plot.tex 2022/11/21 1.94 `pst-plot' (tvz,hv)
) (C:\Users\mrssi\AppData\Local\Programs\MiKTeX\tex/latex/pst-node\pst-node.sty
Package: pst-node 2012/09/18 v1.01 LaTeX wrapper for `pst-node' (HV)
Package: pst-node 2010/04/22 package wrapper for pst-node.tex

(C:\Users\mrssi\AppData\Local\Programs\MiKTeX\tex/generic/pst-node\pst-node.tex
)
File: pst-node.tex 2022/11/21 1.94 `pst-node' (tvz,hv)
) (C:\Users\mrssi\AppData\Local\Programs\MiKTeX\tex/latex/pst-3d\pst-3d.sty
Package: pst-3d 2009/07/28 package wrapper for pst-3d.tex (hv)
(C:\Users\mrssi\AppData\Local\Programs\MiKTeX\tex/generic/pst-3d\pst-3d.tex)
File: pst-3d.tex 2022/11/21 v1.94 `PST-3d' (hv)
) (C:\Users\mrssi\AppData\Local\Programs\MiKTeX\tex/latex/pst-math\pst-math.sty
Package: pst-math 2023/07/03 v 0.67 package wrapper for PSTricks pst-math.tex

(C:\Users\mrssi\AppData\Local\Programs\MiKTeX\tex/latex/pst-calculate\pst-calcu
late.sty
Package: pst-calculate 2019/01/24 v. 0.02(Herbert Voss) Support for caculations
 with floating point numbers.

(C:\Users\mrssi\AppData\Local\Programs\MiKTeX\tex/latex/l3packages/xparse\xpars
e.sty (C:\Users\mrssi\AppData\Local\Programs\MiKTeX\tex/latex/l3kernel\expl3.st
y
Package: expl3 2023-03-30 L3 programming layer (loader) 

(C:\Users\mrssi\AppData\Local\Programs\MiKTeX\tex/latex/l3backend\l3backend-dvi
ps.def
File: l3backend-dvips.def 2023-03-30 L3 backend support: dvips
\l__pdf_internal_box=\box56
\g__pdf_backend_object_int=\count305
\l__pdf_backend_content_box=\box57
\l__pdf_backend_model_box=\box58
\g__pdf_backend_annotation_int=\count306
\g__pdf_backend_link_int=\count307
\g__pdf_backend_link_sf_int=\count308
))
Package: xparse 2023-02-02 L3 Experimental document command parser
) (C:\Users\mrssi\AppData\Local\Programs\MiKTeX\tex/latex/siunitx\siunitx.sty
Package: siunitx 2024-02-15 v3.3.12 A comprehensive (SI) units package
\l__siunitx_number_uncert_offset_int=\count309
\l__siunitx_number_exponent_fixed_int=\count310
\l__siunitx_number_min_decimal_int=\count311
\l__siunitx_number_min_integer_int=\count312
\l__siunitx_number_round_precision_int=\count313
\l__siunitx_number_lower_threshold_int=\count314
\l__siunitx_number_upper_threshold_int=\count315
\l__siunitx_number_group_first_int=\count316
\l__siunitx_number_group_size_int=\count317
\l__siunitx_number_group_minimum_int=\count318
\l__siunitx_angle_tmp_dim=\dimen260
\l__siunitx_angle_marker_box=\box59
\l__siunitx_angle_unit_box=\box60
\l__siunitx_compound_count_int=\count319

(C:\Users\mrssi\AppData\Local\Programs\MiKTeX\tex/latex/translations\translatio
ns.sty
Package: translations 2022/02/05 v1.12 internationalization of LaTeX2e packages
 (CN)
(C:\Users\mrssi\AppData\Local\Programs\MiKTeX\tex/latex/etoolbox\etoolbox.sty
Package: etoolbox 2020/10/05 v2.5k e-TeX tools for LaTeX (JAW)
\etb@tempcnta=\count320
)
(C:\Users\mrssi\AppData\Local\Programs\MiKTeX\tex/generic/pdftexcmds\pdftexcmds
.sty
Package: pdftexcmds 2020-06-27 v0.33 Utility functions of pdfTeX for LuaTeX (HO
)

(C:\Users\mrssi\AppData\Local\Programs\MiKTeX\tex/generic/infwarerr\infwarerr.s
ty
Package: infwarerr 2019/12/03 v1.5 Providing info/warning/error messages (HO)
) (C:\Users\mrssi\AppData\Local\Programs\MiKTeX\tex/generic/ltxcmds\ltxcmds.sty
Package: ltxcmds 2020-05-10 v1.25 LaTeX kernel commands for general use (HO)
)
Package pdftexcmds Info: \pdf@primitive is available.
Package pdftexcmds Info: \pdf@ifprimitive is available.
Package pdftexcmds Info: \pdfdraftmode is ignored in DVI mode.
)) (C:\Users\mrssi\AppData\Local\Programs\MiKTeX\tex/latex/amsmath\amstext.sty
Package: amstext 2021/08/26 v2.01 AMS text
(C:\Users\mrssi\AppData\Local\Programs\MiKTeX\tex/latex/amsmath\amsgen.sty
File: amsgen.sty 1999/11/30 v2.0 generic functions
\@emptytoks=\toks31
\ex@=\dimen261
))
\l__siunitx_table_tmp_box=\box61
\l__siunitx_table_tmp_dim=\dimen262
\l__siunitx_table_column_width_dim=\dimen263
\l__siunitx_table_integer_box=\box62
\l__siunitx_table_decimal_box=\box63
\l__siunitx_table_uncert_box=\box64
\l__siunitx_table_before_box=\box65
\l__siunitx_table_after_box=\box66
\l__siunitx_table_before_dim=\dimen264
\l__siunitx_table_carry_dim=\dimen265
\l__siunitx_unit_tmp_int=\count321
\l__siunitx_unit_position_int=\count322
\l__siunitx_unit_total_int=\count323
(C:\Users\mrssi\AppData\Local\Programs\MiKTeX\tex/latex/tools\array.sty
Package: array 2022/09/04 v2.5g Tabular extension package (FMi)
\col@sep=\dimen266
\ar@mcellbox=\box67
\extrarowheight=\dimen267
\NC@list=\toks32
\extratabsurround=\skip52
\backup@length=\skip53
\ar@cellbox=\box68
))) (C:\Users\mrssi\AppData\Local\Programs\MiKTeX\tex/generic/iftex\ifluatex.st
y
Package: ifluatex 2019/10/25 v1.5 ifluatex legacy package. Use iftex instead.
) (C:\Users\mrssi\AppData\Local\Programs\MiKTeX\tex/latex/xstring\xstring.sty (
C:\Users\mrssi\AppData\Local\Programs\MiKTeX\tex/generic/xstring\xstring.tex
\xs_counta=\count324
\xs_countb=\count325
)
Package: xstring 2023/08/22 v1.86 String manipulations (CT)
)
(C:\Users\mrssi\AppData\Local\Programs\MiKTeX\tex/generic/pst-math\pst-math.tex
)
File: pst-math.tex 2022/11/21 v1.94 `PST-math' (hv)
\c@Rand@No=\count326
\c@Random@Left=\count327
\c@Random@Right=\count328
\c@Random@No@max=\count329
)
Package: pstricks-add 2021/09/10 v. 0.17 package wrapper for pstricks-add.tex (
hv)

(C:\Users\mrssi\AppData\Local\Programs\MiKTeX\tex/generic/pstricks-add\pstricks
-add.tex)
File: pstricks-add.tex 2022/11/21 v1.94 `PSTricks-add' (hv)
)
(C:\Users\mrssi\AppData\Local\Programs\MiKTeX\tex/latex/auto-pst-pdf\auto-pst-p
df.sty
Package: auto-pst-pdf 2020/10/08 v0.7 Wrapper for pst-pdf
(C:\Users\mrssi\AppData\Local\Programs\MiKTeX\tex/generic/iftex\ifpdf.sty
Package: ifpdf 2019/10/25 v3.4 ifpdf legacy package. Use iftex instead.
)
(C:\Users\mrssi\AppData\Local\Programs\MiKTeX\tex/latex/ifplatform\ifplatform.s
ty
Package: ifplatform 2017/10/13 v0.4a Testing for the operating system
(C:\Users\mrssi\AppData\Local\Programs\MiKTeX\tex/latex/tools\shellesc.sty
Package: shellesc 2019/11/08 v1.0c unified shell escape interface for LaTeX

Package shellesc Warning: Shell escape disabled on input line 73.

)
(C:\Users\mrssi\AppData\Local\Programs\MiKTeX\tex/generic/catchfile\catchfile.s
ty
Package: catchfile 2019/12/09 v1.8 Catch the contents of a file (HO)

(C:\Users\mrssi\AppData\Local\Programs\MiKTeX\tex/generic/etexcmds\etexcmds.sty
Package: etexcmds 2019/12/15 v1.7 Avoid name clashes with e-TeX commands (HO)
))

Package ifplatform Warning: 
    shell escape is disabled, so I can only detect \ifwindows.

)
\c@app@runs=\count330
(C:\Users\mrssi\AppData\Local\Programs\MiKTeX\tex/latex/pst-pdf\pst-pdf.sty
Package: pst-pdf 2020/10/10 v1.2f PS graphics for pdfLaTeX (RN,HjG)
(C:\Users\mrssi\AppData\Local\Programs\MiKTeX\tex/generic/iftex\ifxetex.sty
Package: ifxetex 2019/10/25 v0.7 ifxetex legacy package. Use iftex instead.
) (C:\Users\mrssi\AppData\Local\Programs\MiKTeX\tex/generic/iftex\ifvtex.sty
Package: ifvtex 2019/10/25 v1.7 ifvtex legacy package. Use iftex instead.
)
\c@pspicture=\count331
(C:\Users\mrssi\AppData\Local\Programs\MiKTeX\tex/latex/graphics\graphicx.sty
Package: graphicx 2021/09/16 v1.2d Enhanced LaTeX Graphics (DPC,SPQR)
(C:\Users\mrssi\AppData\Local\Programs\MiKTeX\tex/latex/graphics\graphics.sty
Package: graphics 2022/03/10 v1.4e Standard LaTeX Graphics (DPC,SPQR)
(C:\Users\mrssi\AppData\Local\Programs\MiKTeX\tex/latex/graphics\trig.sty
Package: trig 2021/08/11 v1.11 sin cos tan (DPC)
)
(C:\Users\mrssi\AppData\Local\Programs\MiKTeX\tex/latex/graphics-cfg\graphics.c
fg
File: graphics.cfg 2016/06/04 v1.11 sample graphics configuration
)
Package graphics Info: Driver file: dvips.def on input line 107.
)
\Gin@req@height=\dimen268
\Gin@req@width=\dimen269
)
Package pst-pdf Info: MODE: 0 (dvi -- extraction mode) on input line 103.
No auxiliary output files.

(C:\Users\mrssi\AppData\Local\Programs\MiKTeX\tex/latex/preview\preview.sty
Package: preview 2024/01/17 13.3 (AUCTeX/preview-latex)
(C:\Users\mrssi\AppData\Local\Programs\MiKTeX\tex/latex/luatex85\luatex85.sty
Package: luatex85 2016/06/15 v1.4 pdftex aliases for luatex
)
(C:\Users\mrssi\AppData\Local\Programs\MiKTeX\tex/latex/preview\prtightpage.def
\PreviewBorder=\dimen270
)
\pr@snippet=\count332
\pr@box=\box69
\pr@output=\toks33
)))
Package translations Info: No language package found. I am going to use `englis
h' as default language. on input line 8.
No file square_games-autopp.aux.
LaTeX Font Info:    Checking defaults for OML/cmm/m/it on input line 8.
LaTeX Font Info:    ... okay on input line 8.
LaTeX Font Info:    Checking defaults for OMS/cmsy/m/n on input line 8.
LaTeX Font Info:    ... okay on input line 8.
LaTeX Font Info:    Checking defaults for OT1/cmr/m/n on input line 8.
LaTeX Font Info:    ... okay on input line 8.
LaTeX Font Info:    Checking defaults for T1/cmr/m/n on input line 8.
LaTeX Font Info:    ... okay on input line 8.
LaTeX Font Info:    Checking defaults for TS1/cmr/m/n on input line 8.
LaTeX Font Info:    ... okay on input line 8.
LaTeX Font Info:    Checking defaults for OMX/cmex/m/n on input line 8.
LaTeX Font Info:    ... okay on input line 8.
LaTeX Font Info:    Checking defaults for U/cmr/m/n on input line 8.
LaTeX Font Info:    ... okay on input line 8.

(C:\Users\mrssi\AppData\Local\Programs\MiKTeX\tex/latex/translations/dicts\tran
slations-basic-dictionary-english.trsl
File: translations-basic-dictionary-english.trsl (english translation file `tra
nslations-basic-dictionary')
)
Package translations Info: loading dictionary `translations-basic-dictionary' f
or `english'. on input line 8.
Preview: Fontsize 10pt
LaTeX Font Info:    External font `cmex10' loaded for size
(Font)              <17.28> on input line 15.
LaTeX Font Info:    External font `cmex10' loaded for size
(Font)              <12> on input line 15.
LaTeX Font Info:    External font `cmex10' loaded for size
(Font)              <7> on input line 21.
LaTeX Font Info:    External font `cmex10' loaded for size
(Font)              <5> on input line 21.
LaTeX Font Info:    External font `cmex10' loaded for size
(Font)              <14.4> on input line 24.
Preview: Tightpage -39321600 -39321600 39321600 39321600
[1]

Package pst-pdf Warning: Picture container needs cropping..

 ) 
Here is how much of TeX's memory you used:
 16064 strings out of 476332
 351209 string characters out of 5787790
 1856657 words of memory out of 5000000
 36266 multiletter control sequences out of 15000+600000
 516875 words of font info for 47 fonts, out of 8000000 for 9000
 1141 hyphenation exceptions out of 8191
 118i,7n,119p,740b,531s stack positions out of 10000i,1000n,20000p,200000b,200000s

Output written on square_games-autopp.dvi (1 page, 10308 bytes).
