This is pdfTeX, Version 3.141592653-2.6-1.40.22 (TeX Live 2022/dev/Debian) (preloaded format=pdflatex 2024.3.15)  25 MAR 2024 13:48
entering extended mode
 \write18 enabled.
 %&-line parsing enabled.
**er_dmd.tex
(./er_dmd.tex
LaTeX2e <2021-11-15> patch level 1
L3 programming layer <2022-01-21>
(/usr/share/texlive/texmf-dist/tex/latex/base/article.cls
Document Class: article 2021/10/04 v1.4n Standard LaTeX document class
(/usr/share/texlive/texmf-dist/tex/latex/base/size11.clo
File: size11.clo 2021/10/04 v1.4n Standard LaTeX file (size option)
)
\c@part=\count185
\c@section=\count186
\c@subsection=\count187
\c@subsubsection=\count188
\c@paragraph=\count189
\c@subparagraph=\count190
\c@figure=\count191
\c@table=\count192
\abovecaptionskip=\skip47
\belowcaptionskip=\skip48
\bibindent=\dimen138
)
(/usr/share/texlive/texmf-dist/tex/latex/algorithms/algorithm.sty
Package: algorithm 2009/08/24 v0.1 Document Style `algorithm' - floating enviro
nment

(/usr/share/texlive/texmf-dist/tex/latex/float/float.sty
Package: float 2001/11/08 v1.3d Float enhancements (AL)
\c@float@type=\count193
\float@exts=\toks16
\float@box=\box50
\@float@everytoks=\toks17
\@floatcapt=\box51
)
(/usr/share/texlive/texmf-dist/tex/latex/base/ifthen.sty
Package: ifthen 2020/11/24 v1.1c Standard LaTeX ifthen package (DPC)
)
\@float@every@algorithm=\toks18
\c@algorithm=\count194
)
(/usr/share/texlive/texmf-dist/tex/latex/algorithmicx/algpseudocode.sty
Package: algpseudocode 

(/usr/share/texlive/texmf-dist/tex/latex/algorithmicx/algorithmicx.sty
Package: algorithmicx 2005/04/27 v1.2 Algorithmicx

Document Style algorithmicx 1.2 - a greatly improved `algorithmic' style
\c@ALG@line=\count195
\c@ALG@rem=\count196
\c@ALG@nested=\count197
\ALG@tlm=\skip49
\ALG@thistlm=\skip50
\c@ALG@Lnr=\count198
\c@ALG@blocknr=\count199
\c@ALG@storecount=\count266
\c@ALG@tmpcounter=\count267
\ALG@tmplength=\skip51
)
Document Style - pseudocode environments for use with the `algorithmicx' style
) (/usr/share/texlive/texmf-dist/tex/latex/amsmath/amsmath.sty
Package: amsmath 2021/10/15 v2.17l AMS math features
\@mathmargin=\skip52

For additional information on amsmath, use the `?' option.
(/usr/share/texlive/texmf-dist/tex/latex/amsmath/amstext.sty
Package: amstext 2021/08/26 v2.01 AMS text

(/usr/share/texlive/texmf-dist/tex/latex/amsmath/amsgen.sty
File: amsgen.sty 1999/11/30 v2.0 generic functions
\@emptytoks=\toks19
\ex@=\dimen139
))
(/usr/share/texlive/texmf-dist/tex/latex/amsmath/amsbsy.sty
Package: amsbsy 1999/11/29 v1.2d Bold Symbols
\pmbraise@=\dimen140
)
(/usr/share/texlive/texmf-dist/tex/latex/amsmath/amsopn.sty
Package: amsopn 2021/08/26 v2.02 operator names
)
\inf@bad=\count268
LaTeX Info: Redefining \frac on input line 234.
\uproot@=\count269
\leftroot@=\count270
LaTeX Info: Redefining \overline on input line 399.
\classnum@=\count271
\DOTSCASE@=\count272
LaTeX Info: Redefining \ldots on input line 496.
LaTeX Info: Redefining \dots on input line 499.
LaTeX Info: Redefining \cdots on input line 620.
\Mathstrutbox@=\box52
\strutbox@=\box53
\big@size=\dimen141
LaTeX Font Info:    Redeclaring font encoding OML on input line 743.
LaTeX Font Info:    Redeclaring font encoding OMS on input line 744.
\macc@depth=\count273
\c@MaxMatrixCols=\count274
\dotsspace@=\muskip16
\c@parentequation=\count275
\dspbrk@lvl=\count276
\tag@help=\toks20
\row@=\count277
\column@=\count278
\maxfields@=\count279
\andhelp@=\toks21
\eqnshift@=\dimen142
\alignsep@=\dimen143
\tagshift@=\dimen144
\tagwidth@=\dimen145
\totwidth@=\dimen146
\lineht@=\dimen147
\@envbody=\toks22
\multlinegap=\skip53
\multlinetaggap=\skip54
\mathdisplay@stack=\toks23
LaTeX Info: Redefining \[ on input line 2938.
LaTeX Info: Redefining \] on input line 2939.
)
(/usr/share/texlive/texmf-dist/tex/latex/amsfonts/amssymb.sty
Package: amssymb 2013/01/14 v3.01 AMS font symbols

(/usr/share/texlive/texmf-dist/tex/latex/amsfonts/amsfonts.sty
Package: amsfonts 2013/01/14 v3.01 Basic AMSFonts support
\symAMSa=\mathgroup4
\symAMSb=\mathgroup5
LaTeX Font Info:    Redeclaring math symbol \hbar on input line 98.
LaTeX Font Info:    Overwriting math alphabet `\mathfrak' in version `bold'
(Font)                  U/euf/m/n --> U/euf/b/n on input line 106.
))
(/usr/share/texlive/texmf-dist/tex/latex/amscls/amsthm.sty
Package: amsthm 2020/05/29 v2.20.6
\thm@style=\toks24
\thm@bodyfont=\toks25
\thm@headfont=\toks26
\thm@notefont=\toks27
\thm@headpunct=\toks28
\thm@preskip=\skip55
\thm@postskip=\skip56
\thm@headsep=\skip57
\dth@everypar=\toks29
)
(/usr/share/texlive/texmf-dist/tex/latex/graphics/graphicx.sty
Package: graphicx 2021/09/16 v1.2d Enhanced LaTeX Graphics (DPC,SPQR)

(/usr/share/texlive/texmf-dist/tex/latex/graphics/keyval.sty
Package: keyval 2014/10/28 v1.15 key=value parser (DPC)
\KV@toks@=\toks30
)
(/usr/share/texlive/texmf-dist/tex/latex/graphics/graphics.sty
Package: graphics 2021/03/04 v1.4d Standard LaTeX Graphics (DPC,SPQR)

(/usr/share/texlive/texmf-dist/tex/latex/graphics/trig.sty
Package: trig 2021/08/11 v1.11 sin cos tan (DPC)
)
(/usr/share/texlive/texmf-dist/tex/latex/graphics-cfg/graphics.cfg
File: graphics.cfg 2016/06/04 v1.11 sample graphics configuration
)
Package graphics Info: Driver file: pdftex.def on input line 107.

(/usr/share/texlive/texmf-dist/tex/latex/graphics-def/pdftex.def
File: pdftex.def 2020/10/05 v1.2a Graphics/color driver for pdftex
))
\Gin@req@height=\dimen148
\Gin@req@width=\dimen149
)
(/usr/share/texlive/texmf-dist/tex/latex/preprint/authblk.sty
Package: authblk 2001/02/27 1.3 (PWD)
\affilsep=\skip58
\@affilsep=\skip59
\c@Maxaffil=\count280
\c@authors=\count281
\c@affil=\count282
)
\c@thm=\count283
\c@lem=\count284

(/usr/share/texlive/texmf-dist/tex/latex/l3backend/l3backend-pdftex.def
File: l3backend-pdftex.def 2022-01-12 L3 backend support: PDF output (pdfTeX)
\l__color_backend_stack_int=\count285
\l__pdf_internal_box=\box54
)
(./er_dmd.aux)
\openout1 = `er_dmd.aux'.

LaTeX Font Info:    Checking defaults for OML/cmm/m/it on input line 58.
LaTeX Font Info:    ... okay on input line 58.
LaTeX Font Info:    Checking defaults for OMS/cmsy/m/n on input line 58.
LaTeX Font Info:    ... okay on input line 58.
LaTeX Font Info:    Checking defaults for OT1/cmr/m/n on input line 58.
LaTeX Font Info:    ... okay on input line 58.
LaTeX Font Info:    Checking defaults for T1/cmr/m/n on input line 58.
LaTeX Font Info:    ... okay on input line 58.
LaTeX Font Info:    Checking defaults for TS1/cmr/m/n on input line 58.
LaTeX Font Info:    ... okay on input line 58.
LaTeX Font Info:    Checking defaults for OMX/cmex/m/n on input line 58.
LaTeX Font Info:    ... okay on input line 58.
LaTeX Font Info:    Checking defaults for U/cmr/m/n on input line 58.
LaTeX Font Info:    ... okay on input line 58.

(/usr/share/texlive/texmf-dist/tex/context/base/mkii/supp-pdf.mkii
[Loading MPS to PDF converter (version 2006.09.02).]
\scratchcounter=\count286
\scratchdimen=\dimen150
\scratchbox=\box55
\nofMPsegments=\count287
\nofMParguments=\count288
\everyMPshowfont=\toks31
\MPscratchCnt=\count289
\MPscratchDim=\dimen151
\MPnumerator=\count290
\makeMPintoPDFobject=\count291
\everyMPtoPDFconversion=\toks32
) (/usr/share/texlive/texmf-dist/tex/latex/epstopdf-pkg/epstopdf-base.sty
Package: epstopdf-base 2020-01-24 v2.11 Base part for package epstopdf
Package epstopdf-base Info: Redefining graphics rule for `.eps' on input line 4
85.

(/usr/share/texlive/texmf-dist/tex/latex/latexconfig/epstopdf-sys.cfg
File: epstopdf-sys.cfg 2010/07/13 v1.3 Configuration of (r)epstopdf for TeX Liv
e
))
LaTeX Font Info:    Trying to load font information for U+msa on input line 59.


(/usr/share/texlive/texmf-dist/tex/latex/amsfonts/umsa.fd
File: umsa.fd 2013/01/14 v3.01 AMS symbols A
)
LaTeX Font Info:    Trying to load font information for U+msb on input line 59.


(/usr/share/texlive/texmf-dist/tex/latex/amsfonts/umsb.fd
File: umsb.fd 2013/01/14 v3.01 AMS symbols B
) [1

{/var/lib/texmf/fonts/map/pdftex/updmap/pdftex.map}] [2] [3] [4] [5]
<square_games-pics.pdf, id=34, 459.7175pt x 496.85625pt>
File: square_games-pics.pdf Graphic file (type pdf)
<use square_games-pics.pdf>
Package pdftex.def Info: square_games-pics.pdf  used on input line 189.
(pdftex.def)             Requested size: 344.78728pt x 372.64127pt.
 [6] [7 <./square_games-pics.pdf>] [8]
<Lorenz_compare_w_mx_lag_150.pdf, id=99, 817.45403pt x 528.37402pt>
File: Lorenz_compare_w_mx_lag_150.pdf Graphic file (type pdf)
<use Lorenz_compare_w_mx_lag_150.pdf>
Package pdftex.def Info: Lorenz_compare_w_mx_lag_150.pdf  used on input line 26
2.
(pdftex.def)             Requested size: 288.0011pt x 186.15108pt.
<Lorenz_error_compare_w_mx_lag_150.pdf, id=100, 818.91774pt x 528.37402pt>
File: Lorenz_error_compare_w_mx_lag_150.pdf Graphic file (type pdf)
<use Lorenz_error_compare_w_mx_lag_150.pdf>
Package pdftex.def Info: Lorenz_error_compare_w_mx_lag_150.pdf  used on input l
ine 264.
(pdftex.def)             Requested size: 288.0011pt x 185.82053pt.


LaTeX Warning: `!h' float specifier changed to `!ht'.

<Lorenz_norm_full_model_149.pdf, id=101, 455.5192pt x 349.49817pt>
File: Lorenz_norm_full_model_149.pdf Graphic file (type pdf)
<use Lorenz_norm_full_model_149.pdf>
Package pdftex.def Info: Lorenz_norm_full_model_149.pdf  used on input line 274
.
(pdftex.def)             Requested size: 251.9989pt x 193.34448pt.

LaTeX Warning: `!h' float specifier changed to `!ht'.

<Lorenz_detail_spectrum_w_mx_lag_149.pdf, id=102, 727.17754pt x 350.2504pt>
File: Lorenz_detail_spectrum_w_mx_lag_149.pdf Graphic file (type pdf)
<use Lorenz_detail_spectrum_w_mx_lag_149.pdf>
Package pdftex.def Info: Lorenz_detail_spectrum_w_mx_lag_149.pdf  used on input
 line 291.
(pdftex.def)             Requested size: 360.0pt x 173.39851pt.

Overfull \hbox (12.00002pt too wide) in paragraph at lines 290--293
 [][] 
 []


LaTeX Warning: `!h' float specifier changed to `!ht'.

[9] [10 <./Lorenz_compare_w_mx_lag_150.pdf> <./Lorenz_error_compare_w_mx_lag_15
0.pdf>]
<Lorenz_error_compare_w_mx_lag_100.pdf, id=135, 817.45403pt x 528.37402pt>
File: Lorenz_error_compare_w_mx_lag_100.pdf Graphic file (type pdf)
<use Lorenz_error_compare_w_mx_lag_100.pdf>
Package pdftex.def Info: Lorenz_error_compare_w_mx_lag_100.pdf  used on input l
ine 306.
(pdftex.def)             Requested size: 288.0011pt x 186.15108pt.
 [11 <./Lorenz_norm_full_model_149.pdf> <./Lorenz_detail_spectrum_w_mx_lag_149.
pdf>]
<Lorenz_norm_full_model_99.pdf, id=169, 464.5645pt x 349.62508pt>
File: Lorenz_norm_full_model_99.pdf Graphic file (type pdf)
<use Lorenz_norm_full_model_99.pdf>
Package pdftex.def Info: Lorenz_norm_full_model_99.pdf  used on input line 314.

(pdftex.def)             Requested size: 251.9989pt x 189.64828pt.


LaTeX Warning: `!h' float specifier changed to `!ht'.

<Lorenz_spectrum_w_mx_lag_99.pdf, id=170, 454.28708pt x 419.77359pt>
File: Lorenz_spectrum_w_mx_lag_99.pdf Graphic file (type pdf)
<use Lorenz_spectrum_w_mx_lag_99.pdf>
Package pdftex.def Info: Lorenz_spectrum_w_mx_lag_99.pdf  used on input line 32
2.
(pdftex.def)             Requested size: 180.0pt x 166.32436pt.

LaTeX Warning: `!h' float specifier changed to `!ht'.

[12 <./Lorenz_error_compare_w_mx_lag_100.pdf>] [13 <./Lorenz_norm_full_model_99
.pdf> <./Lorenz_spectrum_w_mx_lag_99.pdf>]
<Rossler_compare_w_mx_lag_1000.pdf, id=215, 817.45403pt x 529.49094pt>
File: Rossler_compare_w_mx_lag_1000.pdf Graphic file (type pdf)
<use Rossler_compare_w_mx_lag_1000.pdf>
Package pdftex.def Info: Rossler_compare_w_mx_lag_1000.pdf  used on input line 
367.
(pdftex.def)             Requested size: 288.0011pt x 186.54459pt.
<Rossler_error_compare_w_mx_lag_1000.pdf, id=216, 817.45403pt x 528.37402pt>
File: Rossler_error_compare_w_mx_lag_1000.pdf Graphic file (type pdf)
<use Rossler_error_compare_w_mx_lag_1000.pdf>
Package pdftex.def Info: Rossler_error_compare_w_mx_lag_1000.pdf  used on input
 line 369.
(pdftex.def)             Requested size: 288.0011pt x 186.15108pt.


LaTeX Warning: `!h' float specifier changed to `!ht'.

<Rossler_norm_full_model_988.pdf, id=217, 468.9037pt x 349.49817pt>
File: Rossler_norm_full_model_988.pdf Graphic file (type pdf)
<use Rossler_norm_full_model_988.pdf>
Package pdftex.def Info: Rossler_norm_full_model_988.pdf  used on input line 37
9.
(pdftex.def)             Requested size: 251.9989pt x 187.83026pt.

LaTeX Warning: `!h' float specifier changed to `!ht'.

[14] [15 <./Rossler_compare_w_mx_lag_1000.pdf> <./Rossler_error_compare_w_mx_la
g_1000.pdf>]
<Rossler_detail_spectrum_w_mx_lag_988.pdf, id=245, 725.52048pt x 350.2504pt>
File: Rossler_detail_spectrum_w_mx_lag_988.pdf Graphic file (type pdf)
<use Rossler_detail_spectrum_w_mx_lag_988.pdf>
Package pdftex.def Info: Rossler_detail_spectrum_w_mx_lag_988.pdf  used on inpu
t line 407.
(pdftex.def)             Requested size: 360.0pt x 173.794pt.


LaTeX Warning: `!h' float specifier changed to `!ht'.

[16 <./Rossler_norm_full_model_988.pdf>] [17 <./Rossler_detail_spectrum_w_mx_la
g_988.pdf>]
Overfull \hbox (4.75711pt too wide) in paragraph at lines 433--434
\OT1/cmr/m/n/10.95 er-ated by a pseudo-spectral in space and fourth-order expon
ential-differencing
 []

<ks_dynamics_compare.png, id=280, 816.651pt x 672.5928pt>
File: ks_dynamics_compare.png Graphic file (type png)
<use ks_dynamics_compare.png>
Package pdftex.def Info: ks_dynamics_compare.png  used on input line 442.
(pdftex.def)             Requested size: 360.0pt x 296.49594pt.

LaTeX Warning: `!h' float specifier changed to `!ht'.

<Kuramoto_norm_full_model_158.pdf, id=282, 462.8851pt x 349.49817pt>
File: Kuramoto_norm_full_model_158.pdf Graphic file (type pdf)
<use Kuramoto_norm_full_model_158.pdf>
Package pdftex.def Info: Kuramoto_norm_full_model_158.pdf  used on input line 4
50.
(pdftex.def)             Requested size: 251.9989pt x 190.27274pt.

LaTeX Warning: `!h' float specifier changed to `!ht'.

[18]
<Kuramoto_detail_spectrum_w_mx_lag_158.pdf, id=286, 657.09694pt x 324.50114pt>
File: Kuramoto_detail_spectrum_w_mx_lag_158.pdf Graphic file (type pdf)
<use Kuramoto_detail_spectrum_w_mx_lag_158.pdf>
Package pdftex.def Info: Kuramoto_detail_spectrum_w_mx_lag_158.pdf  used on inp
ut line 484.
(pdftex.def)             Requested size: 360.0pt x 177.78297pt.

Overfull \hbox (12.00002pt too wide) in paragraph at lines 483--485
 [][] 
 []

[19 <./KS_Dynamics_Compare.png>] [20 <./Kuramoto_norm_full_model_158.pdf> <./Ku
ramoto_detail_spectrum_w_mx_lag_158.pdf>] (./er_dmd.bbl [21]) [22]
(./er_dmd.aux) ) 
Here is how much of TeX's memory you used:
 3598 strings out of 480129
 56235 string characters out of 5893409
 348062 words of memory out of 5000000
 21525 multiletter control sequences out of 15000+600000
 478846 words of font info for 63 fonts, out of 8000000 for 9000
 81 hyphenation exceptions out of 8191
 55i,13n,62p,1434b,327s stack positions out of 5000i,500n,10000p,200000b,80000s
</usr/share/texlive/texmf-dist/fonts/type1/public/amsfonts/cm/c
mbx10.pfb></usr/share/texlive/texmf-dist/fonts/type1/public/amsfonts/cm/cmbx12.
pfb></usr/share/texlive/texmf-dist/fonts/type1/public/amsfonts/cm/cmbx6.pfb></u
sr/share/texlive/texmf-dist/fonts/type1/public/amsfonts/cm/cmbx8.pfb></usr/shar
e/texlive/texmf-dist/fonts/type1/public/amsfonts/cm/cmcsc10.pfb></usr/share/tex
live/texmf-dist/fonts/type1/public/amsfonts/cm/cmex10.pfb></usr/share/texlive/t
exmf-dist/fonts/type1/public/amsfonts/cmextra/cmex8.pfb></usr/share/texlive/tex
mf-dist/fonts/type1/public/amsfonts/cm/cmmi10.pfb></usr/share/texlive/texmf-dis
t/fonts/type1/public/amsfonts/cm/cmmi12.pfb></usr/share/texlive/texmf-dist/font
s/type1/public/amsfonts/cm/cmmi6.pfb></usr/share/texlive/texmf-dist/fonts/type1
/public/amsfonts/cm/cmmi8.pfb></usr/share/texlive/texmf-dist/fonts/type1/public
/amsfonts/cm/cmr10.pfb></usr/share/texlive/texmf-dist/fonts/type1/public/amsfon
ts/cm/cmr12.pfb></usr/share/texlive/texmf-dist/fonts/type1/public/amsfonts/cm/c
mr17.pfb></usr/share/texlive/texmf-dist/fonts/type1/public/amsfonts/cm/cmr6.pfb
></usr/share/texlive/texmf-dist/fonts/type1/public/amsfonts/cm/cmr8.pfb></usr/s
hare/texlive/texmf-dist/fonts/type1/public/amsfonts/cm/cmr9.pfb></usr/share/tex
live/texmf-dist/fonts/type1/public/amsfonts/cm/cmsy10.pfb></usr/share/texlive/t
exmf-dist/fonts/type1/public/amsfonts/cm/cmsy6.pfb></usr/share/texlive/texmf-di
st/fonts/type1/public/amsfonts/cm/cmsy8.pfb></usr/share/texlive/texmf-dist/font
s/type1/public/amsfonts/cm/cmti10.pfb></usr/share/texlive/texmf-dist/fonts/type
1/public/amsfonts/symbols/msbm10.pfb>
Output written on er_dmd.pdf (22 pages, 824965 bytes).
PDF statistics:
 416 PDF objects out of 1000 (max. 8388607)
 296 compressed objects within 3 object streams
 0 named destinations out of 1000 (max. 500000)
 76 words of extra memory for PDF output out of 10000 (max. 10000000)

