This is pdfTeX, Version 3.141592653-2.6-1.40.22 (TeX Live 2022/dev/Debian) (preloaded format=pdflatex 2024.3.28)  25 JUL 2024 15:04
entering extended mode
 \write18 enabled.
 %&-line parsing enabled.
**er_dmd_final_draft_6_17_24.tex
(./er_dmd_final_draft_6_17_24.tex
LaTeX2e <2021-11-15> patch level 1
L3 programming layer <2022-01-21> (./ws-ijbc.cls
Document Class: ws-ijbc 1994/07/13 v1.2u Standard LaTeX document class
\draftrule=\dimen138
\minute=\count185
\hour=\count186
\trimheight=\dimen139
\trimwidth=\dimen140
\typeheight=\dimen141
\typewidth=\dimen142
\tempdimen=\dimen143
\tablewidth=\dimen144
\normaltextheight=\dimen145
\realtextheight=\dimen146
\tempbox=\box50
\tablewd=\dimen147
\clcount=\count187
\@tempcntc=\count188
\topsepm@th=\skip47
\c@section=\count189
\c@subsection=\count190
\c@subsubsection=\count191
\c@paragraph=\count192
\c@subparagraph=\count193
\abovecaptionskip=\skip48
\belowcaptionskip=\skip49

psfig.sty inputed...ok
(./psfig.sty
\@unused=\write3
\ps@stream=\read2
\p@intvaluex=\dimen148
\p@intvaluey=\dimen149

psfig/tex 1.10-dvips
)

epsfsafe.tex inputed...ok
(./epsfsafe.tex
\epsffilein=\read3
\epsfxsize=\dimen150
\epsfysize=\dimen151
\epsftsize=\dimen152
\epsfrsize=\dimen153
\epsftmp=\dimen154
\pspoints=\dimen155
)

epsfig.sty inputed...ok
(/usr/share/texlive/texmf-dist/tex/latex/graphics/epsfig.sty

LaTeX Warning: You have requested document class `ws-ijbc',
               but the document class provides `epsfig'.

Document Class: epsfig 2017/06/25 v1.7b (e)psfig emulation (SPQR)
(/usr/share/texlive/texmf-dist/tex/latex/graphics/graphicx.sty
Package: graphicx 2021/09/16 v1.2d Enhanced LaTeX Graphics (DPC,SPQR)

(/usr/share/texlive/texmf-dist/tex/latex/graphics/keyval.sty
Package: keyval 2014/10/28 v1.15 key=value parser (DPC)
\KV@toks@=\toks16
)
(/usr/share/texlive/texmf-dist/tex/latex/graphics/graphics.sty
Package: graphics 2021/03/04 v1.4d Standard LaTeX Graphics (DPC,SPQR)

(/usr/share/texlive/texmf-dist/tex/latex/graphics/trig.sty
Package: trig 2021/08/11 v1.11 sin cos tan (DPC)
)
(/usr/share/texlive/texmf-dist/tex/latex/graphics-cfg/graphics.cfg
File: graphics.cfg 2016/06/04 v1.11 sample graphics configuration
)
Package graphics Info: Driver file: pdftex.def on input line 107.

(/usr/share/texlive/texmf-dist/tex/latex/graphics-def/pdftex.def
File: pdftex.def 2020/10/05 v1.2a Graphics/color driver for pdftex
))
\Gin@req@height=\dimen156
\Gin@req@width=\dimen157
)
\epsfxsize=\dimen158
\epsfysize=\dimen159
)

epsf.sty inputed...ok
(/usr/share/texlive/texmf-dist/tex/generic/epsf/epsf.sty
This is `epsf.tex' v2.7.4 <14 February 2011>
\epsffilein=\read4
\epsfframemargin=\dimen160
\epsfframethickness=\dimen161
\epsfrsize=\dimen162
\epsftmp=\dimen163
\epsftsize=\dimen164
\epsfxsize=\dimen165
\epsfysize=\dimen166
\pspoints=\dimen167
)
\captionbox=\box51
\c@figure=\count194
\c@table=\count195
\c@lemma=\count196
\c@corollary=\count197
\c@proposition=\count198
\c@definition=\count199
\c@example=\count266
\c@remark=\count267
\c@question=\count268
\c@notation=\count269
\c@theorem=\count270
\c@corollary=\count271
\c@lemma=\count272
\c@proposition=\count273
\c@definition=\count274
\c@example=\count275
\c@remark=\count276
\c@notation=\count277
\c@question=\count278
\bibindent=\dimen168
\c@appendixc=\count279
\c@subappendixc=\count280
\c@subsubappendixc=\count281
 (/usr/share/texlive/texmf-dist/tex/latex/amsfonts/amsfonts.sty
Package: amsfonts 2013/01/14 v3.01 Basic AMSFonts support
\@emptytoks=\toks17
\symAMSa=\mathgroup4
\symAMSb=\mathgroup5
LaTeX Font Info:    Redeclaring math symbol \hbar on input line 98.
LaTeX Font Info:    Overwriting math alphabet `\mathfrak' in version `bold'
(Font)                  U/euf/m/n --> U/euf/b/n on input line 106.
)
(/usr/share/texlive/texmf-dist/tex/latex/amsfonts/amssymb.sty
Package: amssymb 2013/01/14 v3.01 AMS font symbols
)
(/usr/share/texlive/texmf-dist/tex/latex/amsmath/amsmath.sty
Package: amsmath 2021/10/15 v2.17l AMS math features
\@mathmargin=\skip50

For additional information on amsmath, use the `?' option.
(/usr/share/texlive/texmf-dist/tex/latex/amsmath/amstext.sty
Package: amstext 2021/08/26 v2.01 AMS text

(/usr/share/texlive/texmf-dist/tex/latex/amsmath/amsgen.sty
File: amsgen.sty 1999/11/30 v2.0 generic functions
\@emptytoks=\toks18
\ex@=\dimen169
))
(/usr/share/texlive/texmf-dist/tex/latex/amsmath/amsbsy.sty
Package: amsbsy 1999/11/29 v1.2d Bold Symbols
\pmbraise@=\dimen170
)
(/usr/share/texlive/texmf-dist/tex/latex/amsmath/amsopn.sty
Package: amsopn 2021/08/26 v2.02 operator names
)
\inf@bad=\count282
LaTeX Info: Redefining \frac on input line 234.
\uproot@=\count283
\leftroot@=\count284
LaTeX Info: Redefining \overline on input line 399.
\classnum@=\count285
\DOTSCASE@=\count286
LaTeX Info: Redefining \ldots on input line 496.
LaTeX Info: Redefining \dots on input line 499.
LaTeX Info: Redefining \cdots on input line 620.
\Mathstrutbox@=\box52
\strutbox@=\box53
\big@size=\dimen171
LaTeX Font Info:    Redeclaring font encoding OML on input line 743.
LaTeX Font Info:    Redeclaring font encoding OMS on input line 744.
\macc@depth=\count287
\c@MaxMatrixCols=\count288
\dotsspace@=\muskip16
\c@parentequation=\count289
\dspbrk@lvl=\count290
\tag@help=\toks19
\row@=\count291
\column@=\count292
\maxfields@=\count293
\andhelp@=\toks20
\eqnshift@=\dimen172
\alignsep@=\dimen173
\tagshift@=\dimen174
\tagwidth@=\dimen175
\totwidth@=\dimen176
\lineht@=\dimen177
\@envbody=\toks21
\multlinegap=\skip51
\multlinetaggap=\skip52
\mathdisplay@stack=\toks22
LaTeX Info: Redefining \[ on input line 2938.
LaTeX Info: Redefining \] on input line 2939.
)
(/usr/share/texlive/texmf-dist/tex/latex/tools/dcolumn.sty
Package: dcolumn 2014/10/28 v1.06 decimal alignment package (DPC)

(/usr/share/texlive/texmf-dist/tex/latex/tools/array.sty
Package: array 2021/10/04 v2.5f Tabular extension package (FMi)
\col@sep=\dimen178
\ar@mcellbox=\box54
\extrarowheight=\dimen179
\NC@list=\toks23
\extratabsurround=\skip53
\backup@length=\skip54
\ar@cellbox=\box55
))
(/usr/share/texlive/texmf-dist/tex/latex/graphics/lscape.sty
Package: lscape 2020/05/28 v3.02 Landscape Pages (DPC)
)
(/usr/share/texlive/texmf-dist/tex/latex/natbib/natbib.sty
Package: natbib 2010/09/13 8.31b (PWD, AO)
\bibhang=\skip55
\bibsep=\skip56
LaTeX Info: Redefining \cite on input line 694.
LaTeX Info: Redefining \citeauthor on input line 712.
LaTeX Info: Redefining \citeyear on input line 735.
\c@NAT@ctr=\count294
)
(/usr/share/texlive/texmf-dist/tex/latex/url/url.sty
\Urlmuskip=\muskip17
Package: url 2013/09/16  ver 3.4  Verb mode for urls, etc.
))
(/usr/share/texlive/texmf-dist/tex/latex/algorithms/algorithm.sty
Package: algorithm 2009/08/24 v0.1 Document Style `algorithm' - floating enviro
nment

(/usr/share/texlive/texmf-dist/tex/latex/float/float.sty
Package: float 2001/11/08 v1.3d Float enhancements (AL)
\c@float@type=\count295
\float@exts=\toks24
\float@box=\box56
\@float@everytoks=\toks25
\@floatcapt=\box57
)
(/usr/share/texlive/texmf-dist/tex/latex/base/ifthen.sty
Package: ifthen 2020/11/24 v1.1c Standard LaTeX ifthen package (DPC)
)
\@float@every@algorithm=\toks26
\c@algorithm=\count296
)
(/usr/share/texlive/texmf-dist/tex/latex/algorithmicx/algpseudocode.sty
Package: algpseudocode 

(/usr/share/texlive/texmf-dist/tex/latex/algorithmicx/algorithmicx.sty
Package: algorithmicx 2005/04/27 v1.2 Algorithmicx

Document Style algorithmicx 1.2 - a greatly improved `algorithmic' style
\c@ALG@line=\count297
\c@ALG@rem=\count298
\c@ALG@nested=\count299
\ALG@tlm=\skip57
\ALG@thistlm=\skip58
\c@ALG@Lnr=\count300
\c@ALG@blocknr=\count301
\c@ALG@storecount=\count302
\c@ALG@tmpcounter=\count303
\ALG@tmplength=\skip59
)
Document Style - pseudocode environments for use with the `algorithmicx' style
) (/usr/share/texlive/texmf-dist/tex/latex/l3backend/l3backend-pdftex.def
File: l3backend-pdftex.def 2022-01-12 L3 backend support: PDF output (pdfTeX)
\l__color_backend_stack_int=\count304
\l__pdf_internal_box=\box58
)
(./er_dmd_final_draft_6_17_24.aux)
\openout1 = `er_dmd_final_draft_6_17_24.aux'.

LaTeX Font Info:    Checking defaults for OML/cmm/m/it on input line 12.
LaTeX Font Info:    ... okay on input line 12.
LaTeX Font Info:    Checking defaults for OMS/cmsy/m/n on input line 12.
LaTeX Font Info:    ... okay on input line 12.
LaTeX Font Info:    Checking defaults for OT1/cmr/m/n on input line 12.
LaTeX Font Info:    ... okay on input line 12.
LaTeX Font Info:    Checking defaults for T1/cmr/m/n on input line 12.
LaTeX Font Info:    ... okay on input line 12.
LaTeX Font Info:    Checking defaults for TS1/cmr/m/n on input line 12.
LaTeX Font Info:    ... okay on input line 12.
LaTeX Font Info:    Checking defaults for OMX/cmex/m/n on input line 12.
LaTeX Font Info:    ... okay on input line 12.
LaTeX Font Info:    Checking defaults for U/cmr/m/n on input line 12.
LaTeX Font Info:    ... okay on input line 12.

(/usr/share/texlive/texmf-dist/tex/context/base/mkii/supp-pdf.mkii
[Loading MPS to PDF converter (version 2006.09.02).]
\scratchcounter=\count305
\scratchdimen=\dimen180
\scratchbox=\box59
\nofMPsegments=\count306
\nofMParguments=\count307
\everyMPshowfont=\toks27
\MPscratchCnt=\count308
\MPscratchDim=\dimen181
\MPnumerator=\count309
\makeMPintoPDFobject=\count310
\everyMPtoPDFconversion=\toks28
) (/usr/share/texlive/texmf-dist/tex/latex/epstopdf-pkg/epstopdf-base.sty
Package: epstopdf-base 2020-01-24 v2.11 Base part for package epstopdf
Package epstopdf-base Info: Redefining graphics rule for `.eps' on input line 4
85.

(/usr/share/texlive/texmf-dist/tex/latex/latexconfig/epstopdf-sys.cfg
File: epstopdf-sys.cfg 2010/07/13 v1.3 Configuration of (r)epstopdf for TeX Liv
e
))
LaTeX Font Info:    Trying to load font information for U+msa on input line 34.


(/usr/share/texlive/texmf-dist/tex/latex/amsfonts/umsa.fd
File: umsa.fd 2013/01/14 v3.01 AMS symbols A
)
LaTeX Font Info:    Trying to load font information for U+msb on input line 34.


(/usr/share/texlive/texmf-dist/tex/latex/amsfonts/umsb.fd
File: umsb.fd 2013/01/14 v3.01 AMS symbols B
) [1{/var/lib/texmf/fonts/map/pdftex/updmap/pdftex.map}] [2] [3] [4]
<square_games-pics.pdf, id=33, 455.7025pt x 413.545pt>
File: square_games-pics.pdf Graphic file (type pdf)
<use square_games-pics.pdf>
Package pdftex.def Info: square_games-pics.pdf  used on input line 188.
(pdftex.def)             Requested size: 341.77602pt x 310.15797pt.
 [5]
<Lorenz_compare_w_mx_lag_150.pdf, id=37, 817.45403pt x 528.37402pt>
File: Lorenz_compare_w_mx_lag_150.pdf Graphic file (type pdf)
<use Lorenz_compare_w_mx_lag_150.pdf>
Package pdftex.def Info: Lorenz_compare_w_mx_lag_150.pdf  used on input line 26
1.
(pdftex.def)             Requested size: 404.71353pt x 261.59029pt.
<Lorenz_error_compare_w_mx_lag_150.pdf, id=38, 818.91774pt x 528.37402pt>
File: Lorenz_error_compare_w_mx_lag_150.pdf Graphic file (type pdf)
<use Lorenz_error_compare_w_mx_lag_150.pdf>
Package pdftex.def Info: Lorenz_error_compare_w_mx_lag_150.pdf  used on input l
ine 263.
(pdftex.def)             Requested size: 404.71353pt x 261.12267pt.


LaTeX Warning: `!h' float specifier changed to `!ht'.

<Lorenz_norm_full_model_149.pdf, id=39, 455.5192pt x 349.49817pt>
File: Lorenz_norm_full_model_149.pdf Graphic file (type pdf)
<use Lorenz_norm_full_model_149.pdf>
Package pdftex.def Info: Lorenz_norm_full_model_149.pdf  used on input line 273
.
(pdftex.def)             Requested size: 354.12144pt x 271.70619pt.
[6 <./square_games-pics.pdf>]

LaTeX Warning: `!h' float specifier changed to `!ht'.

<Lorenz_detail_spectrum_w_mx_lag_149.pdf, id=89, 727.17754pt x 350.2504pt>
File: Lorenz_detail_spectrum_w_mx_lag_149.pdf Graphic file (type pdf)
<use Lorenz_detail_spectrum_w_mx_lag_149.pdf>
Package pdftex.def Info: Lorenz_detail_spectrum_w_mx_lag_149.pdf  used on input
 line 290.
(pdftex.def)             Requested size: 505.89pt x 243.67181pt.

LaTeX Warning: `!h' float specifier changed to `!ht'.

[7] [8 <./Lorenz_compare_w_mx_lag_150.pdf> <./Lorenz_error_compare_w_mx_lag_150
.pdf>] [9 <./Lorenz_norm_full_model_149.pdf> <./Lorenz_detail_spectrum_w_mx_lag
_149.pdf>]
<Lorenz_error_compare_w_mx_lag_100.pdf, id=159, 817.45403pt x 528.37402pt>
File: Lorenz_error_compare_w_mx_lag_100.pdf Graphic file (type pdf)
<use Lorenz_error_compare_w_mx_lag_100.pdf>
Package pdftex.def Info: Lorenz_error_compare_w_mx_lag_100.pdf  used on input l
ine 305.
(pdftex.def)             Requested size: 404.71353pt x 261.59029pt.
<Lorenz_norm_full_model_99.pdf, id=160, 464.5645pt x 349.62508pt>
File: Lorenz_norm_full_model_99.pdf Graphic file (type pdf)
<use Lorenz_norm_full_model_99.pdf>
Package pdftex.def Info: Lorenz_norm_full_model_99.pdf  used on input line 313.

(pdftex.def)             Requested size: 354.12144pt x 266.50735pt.


LaTeX Warning: `!h' float specifier changed to `!ht'.

<Lorenz_spectrum_w_mx_lag_99.pdf, id=161, 454.28708pt x 419.77359pt>
File: Lorenz_spectrum_w_mx_lag_99.pdf Graphic file (type pdf)
<use Lorenz_spectrum_w_mx_lag_99.pdf>
Package pdftex.def Info: Lorenz_spectrum_w_mx_lag_99.pdf  used on input line 32
1.
(pdftex.def)             Requested size: 252.94499pt x 233.7265pt.

LaTeX Warning: `!h' float specifier changed to `!ht'.

[10 <./Lorenz_error_compare_w_mx_lag_100.pdf>] [11 <./Lorenz_norm_full_model_99
.pdf> <./Lorenz_spectrum_w_mx_lag_99.pdf>]
<Rossler_compare_w_mx_lag_1000.pdf, id=205, 817.45403pt x 529.49094pt>
File: Rossler_compare_w_mx_lag_1000.pdf Graphic file (type pdf)
<use Rossler_compare_w_mx_lag_1000.pdf>
Package pdftex.def Info: Rossler_compare_w_mx_lag_1000.pdf  used on input line 
366.
(pdftex.def)             Requested size: 404.71353pt x 262.14325pt.
<Rossler_error_compare_w_mx_lag_1000.pdf, id=206, 817.45403pt x 528.37402pt>
File: Rossler_error_compare_w_mx_lag_1000.pdf Graphic file (type pdf)
<use Rossler_error_compare_w_mx_lag_1000.pdf>
Package pdftex.def Info: Rossler_error_compare_w_mx_lag_1000.pdf  used on input
 line 368.
(pdftex.def)             Requested size: 404.71353pt x 261.59029pt.


LaTeX Warning: `!h' float specifier changed to `!ht'.

<Rossler_norm_full_model_988.pdf, id=207, 468.9037pt x 349.49817pt>
File: Rossler_norm_full_model_988.pdf Graphic file (type pdf)
<use Rossler_norm_full_model_988.pdf>
Package pdftex.def Info: Rossler_norm_full_model_988.pdf  used on input line 37
8.
(pdftex.def)             Requested size: 354.12144pt x 263.95749pt.

LaTeX Warning: `!h' float specifier changed to `!ht'.

[12]
<Rossler_detail_spectrum_w_mx_lag_988.pdf, id=212, 725.52048pt x 350.2504pt>
File: Rossler_detail_spectrum_w_mx_lag_988.pdf Graphic file (type pdf)
<use Rossler_detail_spectrum_w_mx_lag_988.pdf>
Package pdftex.def Info: Rossler_detail_spectrum_w_mx_lag_988.pdf  used on inpu
t line 406.
(pdftex.def)             Requested size: 505.89pt x 244.22763pt.
 [13 <./Rossler_compare_w_mx_lag_1000.pdf> <./Rossler_error_compare_w_mx_lag_10
00.pdf>] [14 <./Rossler_norm_full_model_988.pdf> <./Rossler_detail_spectrum_w_m
x_lag_988.pdf>]
<ks_dynamics_compare.png, id=268, 816.651pt x 672.5928pt>
File: ks_dynamics_compare.png Graphic file (type png)
<use ks_dynamics_compare.png>
Package pdftex.def Info: ks_dynamics_compare.png  used on input line 441.
(pdftex.def)             Requested size: 505.89pt x 416.65428pt.


LaTeX Warning: `!h' float specifier changed to `!ht'.

<Kuramoto_norm_full_model_158.pdf, id=270, 462.8851pt x 349.49817pt>
File: Kuramoto_norm_full_model_158.pdf Graphic file (type pdf)
<use Kuramoto_norm_full_model_158.pdf>
Package pdftex.def Info: Kuramoto_norm_full_model_158.pdf  used on input line 4
49.
(pdftex.def)             Requested size: 354.12144pt x 267.38121pt.

LaTeX Warning: `!h' float specifier changed to `!ht'.

[15]
<Kuramoto_detail_spectrum_w_mx_lag_158.pdf, id=274, 657.09694pt x 324.50114pt>
File: Kuramoto_detail_spectrum_w_mx_lag_158.pdf Graphic file (type pdf)
<use Kuramoto_detail_spectrum_w_mx_lag_158.pdf>
Package pdftex.def Info: Kuramoto_detail_spectrum_w_mx_lag_158.pdf  used on inp
ut line 483.
(pdftex.def)             Requested size: 505.89pt x 249.82704pt.
 [16 <./KS_Dynamics_Compare.png>] [17 <./Kuramoto_norm_full_model_158.pdf> <./K
uramoto_detail_spectrum_w_mx_lag_158.pdf>]
(./er_dmd_final_draft_6_17_24.bbl [18]) [19] (./er_dmd_final_draft_6_17_24.aux)
 ) 
Here is how much of TeX's memory you used:
 4580 strings out of 480129
 68538 string characters out of 5893409
 373226 words of memory out of 5000000
 22481 multiletter control sequences out of 15000+600000
 482561 words of font info for 76 fonts, out of 8000000 for 9000
 81 hyphenation exceptions out of 8191
 75i,13n,79p,1459b,311s stack positions out of 5000i,500n,10000p,200000b,80000s
 </home/ccurtis/.texlive2021/texmf-var/fonts/pk/ljfour/jknappen/ec/tcrm0900.6
00pk></usr/share/texlive/texmf-dist/fonts/type1/public/amsfonts/cm/cmbx10.pfb><
/usr/share/texlive/texmf-dist/fonts/type1/public/amsfonts/cm/cmbx12.pfb></usr/s
hare/texlive/texmf-dist/fonts/type1/public/amsfonts/cm/cmbx6.pfb></usr/share/te
xlive/texmf-dist/fonts/type1/public/amsfonts/cm/cmbx8.pfb></usr/share/texlive/t
exmf-dist/fonts/type1/public/amsfonts/cm/cmbx9.pfb></usr/share/texlive/texmf-di
st/fonts/type1/public/amsfonts/cm/cmbxti10.pfb></usr/share/texlive/texmf-dist/f
onts/type1/public/amsfonts/cm/cmcsc10.pfb></usr/share/texlive/texmf-dist/fonts/
type1/public/amsfonts/cm/cmex10.pfb></usr/share/texlive/texmf-dist/fonts/type1/
public/amsfonts/cmextra/cmex8.pfb></usr/share/texlive/texmf-dist/fonts/type1/pu
blic/amsfonts/cmextra/cmex9.pfb></usr/share/texlive/texmf-dist/fonts/type1/publ
ic/amsfonts/cm/cmmi10.pfb></usr/share/texlive/texmf-dist/fonts/type1/public/ams
fonts/cm/cmmi12.pfb></usr/share/texlive/texmf-dist/fonts/type1/public/amsfonts/
cm/cmmi5.pfb></usr/share/texlive/texmf-dist/fonts/type1/public/amsfonts/cm/cmmi
6.pfb></usr/share/texlive/texmf-dist/fonts/type1/public/amsfonts/cm/cmmi7.pfb><
/usr/share/texlive/texmf-dist/fonts/type1/public/amsfonts/cm/cmmi8.pfb></usr/sh
are/texlive/texmf-dist/fonts/type1/public/amsfonts/cm/cmmi9.pfb></usr/share/tex
live/texmf-dist/fonts/type1/public/amsfonts/cm/cmr10.pfb></usr/share/texlive/te
xmf-dist/fonts/type1/public/amsfonts/cm/cmr17.pfb></usr/share/texlive/texmf-dis
t/fonts/type1/public/amsfonts/cm/cmr6.pfb></usr/share/texlive/texmf-dist/fonts/
type1/public/amsfonts/cm/cmr7.pfb></usr/share/texlive/texmf-dist/fonts/type1/pu
blic/amsfonts/cm/cmr8.pfb></usr/share/texlive/texmf-dist/fonts/type1/public/ams
fonts/cm/cmr9.pfb></usr/share/texlive/texmf-dist/fonts/type1/public/amsfonts/cm
/cmsy10.pfb></usr/share/texlive/texmf-dist/fonts/type1/public/amsfonts/cm/cmsy6
.pfb></usr/share/texlive/texmf-dist/fonts/type1/public/amsfonts/cm/cmsy8.pfb></
usr/share/texlive/texmf-dist/fonts/type1/public/amsfonts/cm/cmsy9.pfb></usr/sha
re/texlive/texmf-dist/fonts/type1/public/amsfonts/cm/cmti10.pfb></usr/share/tex
live/texmf-dist/fonts/type1/public/amsfonts/cm/cmti9.pfb></usr/share/texlive/te
xmf-dist/fonts/type1/public/amsfonts/symbols/msbm10.pfb>
Output written on er_dmd_final_draft_6_17_24.pdf (19 pages, 921768 bytes).
PDF statistics:
 439 PDF objects out of 1000 (max. 8388607)
 308 compressed objects within 4 object streams
 0 named destinations out of 1000 (max. 500000)
 76 words of extra memory for PDF output out of 10000 (max. 10000000)

